\BOOKMARK [1][-]{section.0.1}{Grundpflichten}{}% 1
\BOOKMARK [2][-]{subsection.0.1.1}{[Unternehmen]}{section.0.1}% 2
\BOOKMARK [2][-]{subsection.0.1.2}{[Hausordnung]}{section.0.1}% 3
\BOOKMARK [1][-]{section.0.2}{Finanz- und Wirtschaftswesen}{}% 4
\BOOKMARK [2][-]{subsection.0.2.1}{[W\344hrung]}{section.0.2}% 5
\BOOKMARK [2][-]{subsection.0.2.2}{[Finanzwesen]}{section.0.2}% 6
\BOOKMARK [2][-]{subsection.0.2.3}{[Wirtschaftswesen]}{section.0.2}% 7
\BOOKMARK [1][-]{section.0.3}{Arbeitsrecht}{}% 8
\BOOKMARK [2][-]{subsection.0.3.1}{[Arbeitspflicht]}{section.0.3}% 9
\BOOKMARK [2][-]{subsection.0.3.2}{[Mindestlohn]}{section.0.3}% 10
\BOOKMARK [2][-]{subsection.0.3.3}{[Arbeitnehmerk\374ndigungsschutz]}{section.0.3}% 11
\BOOKMARK [2][-]{subsection.0.3.4}{[Arbeitslosenmeldung]}{section.0.3}% 12
\BOOKMARK [2][-]{subsection.0.3.5}{[Arbeitslosenvermittlung]}{section.0.3}% 13
\BOOKMARK [2][-]{subsection.0.3.6}{[Wiedereinstellung von Arbeitslosen]}{section.0.3}% 14
\BOOKMARK [2][-]{subsection.0.3.7}{[Kontrollbefugnis des Organisationsteams]}{section.0.3}% 15
\BOOKMARK [2][-]{subsection.0.3.8}{[Ausfall der Arbeitskraft]}{section.0.3}% 16
\BOOKMARK [2][-]{subsection.0.3.9}{[Arbeitsunf\344lle]}{section.0.3}% 17
\BOOKMARK [2][-]{subsection.0.3.10}{[Schwarzarbeit und Betteln]}{section.0.3}% 18
\BOOKMARK [2][-]{subsection.0.3.11}{[Verstaatlichung]}{section.0.3}% 19
\BOOKMARK [2][-]{subsection.0.3.12}{[Austauschprogramm]}{section.0.3}% 20
\BOOKMARK [1][-]{section.0.4}{Hygieneverordnungen}{}% 21
\BOOKMARK [2][-]{subsection.0.4.1}{[Allgemeine Vorschriften]}{section.0.4}% 22
\BOOKMARK [2][-]{subsection.0.4.2}{[Lebensmittelvorschriften]}{section.0.4}% 23
\BOOKMARK [1][-]{section.0.5}{Parlamentsordnung}{}% 24
\BOOKMARK [2][-]{subsection.0.5.1}{[Sitzungsleitung]}{section.0.5}% 25
\BOOKMARK [2][-]{subsection.0.5.2}{[Sitzungsablauf]}{section.0.5}% 26
\BOOKMARK [2][-]{subsection.0.5.3}{[Rederecht]}{section.0.5}% 27
\BOOKMARK [2][-]{subsection.0.5.4}{[Delegationsrechte und Strafrechte]}{section.0.5}% 28
\BOOKMARK [2][-]{subsection.0.5.5}{[Abwesenheit]}{section.0.5}% 29
\BOOKMARK [2][-]{subsection.0.5.6}{[Formelle Kleidung]}{section.0.5}% 30
\BOOKMARK [1][-]{section.0.6}{Sicherheitsgesetzgebung}{}% 31
\BOOKMARK [2][-]{subsection.0.6.1}{[Organisationen zum Schutz der Allgemeinheit]}{section.0.6}% 32
