\BOOKMARK [1][-]{section.0.1}{Grundrechte}{}% 1
\BOOKMARK [2][-]{subsection.0.1.1}{[Menschenw\374rde]}{section.0.1}% 2
\BOOKMARK [2][-]{subsection.0.1.2}{[Freiheitsrechte]}{section.0.1}% 3
\BOOKMARK [2][-]{subsection.0.1.3}{[Petitionsrecht]}{section.0.1}% 4
\BOOKMARK [2][-]{subsection.0.1.4}{[Sklaverei, Leibeigenschaft]}{section.0.1}% 5
\BOOKMARK [2][-]{subsection.0.1.5}{[Eigentum]}{section.0.1}% 6
\BOOKMARK [2][-]{subsection.0.1.6}{[Staat]}{section.0.1}% 7
\BOOKMARK [2][-]{subsection.0.1.7}{[Versto\337]}{section.0.1}% 8
\BOOKMARK [2][-]{subsection.0.1.8}{[Einschr\344nkung]}{section.0.1}% 9
\BOOKMARK [1][-]{section.0.2}{Grundpflichten}{}% 10
\BOOKMARK [2][-]{subsection.0.2.1}{[Anwesenheitspflicht]}{section.0.2}% 11
\BOOKMARK [2][-]{subsection.0.2.2}{[Ausweispflicht]}{section.0.2}% 12
\BOOKMARK [2][-]{subsection.0.2.3}{[Parlament]}{section.0.2}% 13
\BOOKMARK [2][-]{subsection.0.2.4}{[Unternehmen]}{section.0.2}% 14
\BOOKMARK [2][-]{subsection.0.2.5}{[S\344uberung des Staatsgebiets]}{section.0.2}% 15
\BOOKMARK [2][-]{subsection.0.2.6}{[Hausordnung]}{section.0.2}% 16
\BOOKMARK [2][-]{subsection.0.2.7}{[Zoll]}{section.0.2}% 17
\BOOKMARK [1][-]{section.0.3}{Staatsgebiet}{}% 18
\BOOKMARK [2][-]{subsection.0.3.1}{[Staatsgebiet]}{section.0.3}% 19
\BOOKMARK [2][-]{subsection.0.3.2}{[R\344umlichkeiten]}{section.0.3}% 20
\BOOKMARK [1][-]{section.0.4}{Staatspolitik}{}% 21
\BOOKMARK [2][-]{subsection.0.4.1}{[Grundpflichten des Staates]}{section.0.4}% 22
\BOOKMARK [2][-]{subsection.0.4.2}{[Pr\344sident]}{section.0.4}% 23
\BOOKMARK [2][-]{subsection.0.4.3}{[Regierung]}{section.0.4}% 24
\BOOKMARK [2][-]{subsection.0.4.4}{[Kanzler, Minister]}{section.0.4}% 25
\BOOKMARK [2][-]{subsection.0.4.5}{[Parteien] }{section.0.4}% 26
\BOOKMARK [2][-]{subsection.0.4.6}{[Parlament, Parlamentspr\344sident] }{section.0.4}% 27
\BOOKMARK [2][-]{subsection.0.4.7}{[Wahlsystem] }{section.0.4}% 28
\BOOKMARK [1][-]{section.0.5}{Rechtssprechung}{}% 29
\BOOKMARK [2][-]{subsection.0.5.1}{[Oberster Gerichtshof]}{section.0.5}% 30
\BOOKMARK [1][-]{section.0.6}{Finanz- und Wirtschaftswesen}{}% 31
\BOOKMARK [2][-]{subsection.0.6.1}{[Finanzwesen]}{section.0.6}% 32
\BOOKMARK [2][-]{subsection.0.6.2}{[Wirtschaftswesen]}{section.0.6}% 33
\BOOKMARK [1][-]{section.0.7}{Notstand}{}% 34
\BOOKMARK [2][-]{subsection.0.7.1}{[Notstand]}{section.0.7}% 35
\BOOKMARK [1][-]{section.0.8}{Verfassungs\344nderung}{}% 36
\BOOKMARK [2][-]{subsection.0.8.1}{[Verfassungs\344nderung]}{section.0.8}% 37
